<?xml version="1.0" encoding="UTF-8"?>
<testsuite xmlns:xsi="http://www.w3.org/2001/XMLSchema-instance" xsi:noNamespaceSchemaLocation="https://maven.apache.org/surefire/maven-surefire-plugin/xsd/surefire-test-report.xsd" name="TestSuite" time="479.061" tests="44" errors="0" skipped="0" failures="1">
  <properties>
[...]
</properties>
  <testcase name="openSignInBar" classname="testPages.TestSignIn" time="1.324"/>
  <testcase name="testSignInHardCoded" classname="testPages.TestSignIn" time="5.021"/>
  <testcase name="testSignInIvalidEmailNPass" classname="testPages.TestSignIn" time="5.114"/>
  <testcase name="testSizeOfSignIn" classname="testPages.TestSignIn" time="0.021"/>
  <testcase name="testStatusOfCheckBox" classname="testPages.TestSignIn" time="1.075"/>
  <testcase name="testStatusOfSignInButton" classname="testPages.TestSignIn" time="2.254"/>
  <testcase name="testSelectFeature" classname="triggerTest.TestTrigger" time="4.384"/>
  <testcase name="photoHoverTest2" classname="testPages.TestGrocery" time="1.203"/>
  <testcase name="testClearZipCode" classname="testPages.TestGrocery" time="21.644"/>
  <testcase name="testDefaultWindow" classname="testPages.TestGrocery" time="4.455"/>
  <testcase name="testGetText" classname="testPages.TestGrocery" time="1.454"/>
  <testcase name="testGroceryText" classname="testPages.TestGrocery" time="0.049"/>
  <testcase name="testNegativeZipCode" classname="testPages.TestGrocery" time="22.965"/>
  <testcase name="testPhotoHover" classname="testPages.TestGrocery" time="0.065"/>
  <testcase name="testPositiveZipCode" classname="testPages.TestGrocery" time="21.702"/>
  <testcase name="testTextOfZipCode" classname="testPages.TestGrocery" time="1.364"/>
  <testcase name="SearchItemsFromSearchBox" classname="testSignInGS.TestSignInBar" time="19.351"/>
  <testcase name="testLogInByInvalidIdPassUsingGoogleSheet" classname="testSignInGS.TestSignInBar" time="21.858"/>
  <testcase name="testMultipleByDB" classname="testSearchBar.TestElementSearch" time="56.297"/>
  <testcase name="testSearchByItems" classname="testSearchBar.TestElementSearch" time="1.419"/>
  <testcase name="hoverPharmacy" classname="testPages.TestHomePage" time="0.047"/>
  <testcase name="search" classname="testPages.TestHomePage" time="0.226"/>
  <testcase name="testAllDept" classname="testPages.TestHomePage" time="0.201"/>
  <testcase name="testAllInput" classname="testPages.TestHomePage" time="0.299"/>
  <testcase name="testCostcoLogo" classname="testPages.TestHomePage" time="0.047"/>
  <testcase name="testCurrentURL" classname="testPages.TestHomePage" time="5.044"/>
  <testcase name="testDropDownOfAll" classname="testPages.TestHomePage" time="0.061"/>
  <testcase name="testDropdownOfAll" classname="testPages.TestHomePage" time="0.302"/>
  <testcase name="testEnableStatusSearchBar" classname="testPages.TestHomePage" time="0.216"/>
  <testcase name="testGetAllDept" classname="testPages.TestHomePage" time="0.006"/>
  <testcase name="testGetAllLinks" classname="testPages.TestHomePage" time="2.969"/>
  <testcase name="testHoverShopAllDepartments" classname="testPages.TestHomePage" time="0.096"/>
  <testcase name="testListOfStringOfAllDept" classname="testPages.TestHomePage" time="0.049"/>
  <testcase name="testNavigate" classname="testPages.TestHomePage" time="12.09"/>
  <testcase name="testShowCostcoTitle" classname="testPages.TestHomePage" time="0.008"/>
  <testcase name="testTagName" classname="testPages.TestHomePage" time="0.27"/>
  <testcase name="testCreditCard" classname="testPages.TestCustomerService" time="4.867"/>
  <testcase name="testMembership" classname="testPages.TestCustomerService" time="4.033"/>
  <testcase name="testTabSwitching" classname="testPages.TestCustomerService" time="8.559"/>
  <testcase name="testWindowHandle" classname="testPages.TestCustomerService" time="6.701"/>
  <testcase name="testConvertToString" classname="testPages.TestCountrySelection" time="0.001"/>
  <testcase name="testDismissAlert" classname="testPages.TestCountrySelection" time="36.703">
    <failure message="Expected condition failed: waiting for element to be clickable: Proxy element for: DefaultElementLocator &apos;By.cssSelector: //#waypoint_icons &gt; a:nth-child(1)&apos; (tried for 35 second(s) with 500 milliseconds interval)" type="org.openqa.selenium.TimeoutException">org.openqa.selenium.TimeoutException: Expected condition failed: waiting for element to be clickable: Proxy element for: DefaultElementLocator 'By.cssSelector: //#waypoint_icons > a:nth-child(1)' (tried for 35 second(s) with 500 milliseconds interval)
	at testPages.TestCountrySelection.testDismissAlert(TestCountrySelection.java:19)
Caused by: org.openqa.selenium.InvalidSelectorException: 
invalid selector: An invalid or illegal selector was specified
  (Session info: chrome=69.0.3497.100)
  (Driver info: chromedriver=2.42.591059 (a3d9684d10d61aa0c45f6723b327283be1ebaad8),platform=Mac OS X 10.14.0 x86_64) (WARNING: The server did not provide any stacktrace information)
Command duration or timeout: 0 milliseconds
For documentation on this error, please visit: http://seleniumhq.org/exceptions/invalid_selector_exception.html
Build info: version: '3.14.0', revision: 'aacccce0', time: '2018-08-02T20:19:58.91Z'
System info: host: 'Alifs-MacBook-Pro.local', ip: '2604:2000:1700:c404:0:0:0:1%en0', os.name: 'Mac OS X', os.arch: 'x86_64', os.version: '10.14', java.version: '1.8.0_162'
Driver info: org.openqa.selenium.chrome.ChromeDriver
Capabilities {acceptInsecureCerts: false, acceptSslCerts: false, applicationCacheEnabled: false, browserConnectionEnabled: false, browserName: chrome, chrome: {chromedriverVersion: 2.42.591059 (a3d9684d10d61a..., userDataDir: /var/folders/0h/bw0hs1w908l...}, cssSelectorsEnabled: true, databaseEnabled: false, goog:chromeOptions: {debuggerAddress: localhost:52773}, handlesAlerts: true, hasTouchScreen: false, javascriptEnabled: true, locationContextEnabled: true, mobileEmulationEnabled: false, nativeEvents: true, networkConnectionEnabled: false, pageLoadStrategy: normal, platform: MAC, platformName: MAC, rotatable: false, setWindowRect: true, takesHeapSnapshot: true, takesScreenshot: true, unexpectedAlertBehaviour: , unhandledPromptBehavior: , version: 69.0.3497.100, webStorageEnabled: true}
Session ID: 8005f9f06472a749626c2cbb4005033e
*** Element info: {Using=css selector, value=//#waypoint_icons > a:nth-child(1)}
	at testPages.TestCountrySelection.testDismissAlert(TestCountrySelection.java:19)
</failure>
    <system-out><![CDATA[initialization Of Element
TestCountrySelection: initialization Of Element
test Dismiss Alert
TestCountrySelection: test Dismiss Alert
alert Pop Up
CountrySelection: alert Pop Up
]]></system-out>
    <system-err><![CDATA[Starting ChromeDriver 2.42.591059 (a3d9684d10d61aa0c45f6723b327283be1ebaad8) on port 8706
Only local connections are allowed.
Oct 04, 2018 1:45:33 PM org.openqa.selenium.remote.ProtocolHandshake createSession
INFO: Detected dialect: OSS
]]></system-err>
  </testcase>
  <testcase name="testGroceryButton" classname="testPages.TestGrocery" time="1.81"/>
  <testcase name="testCustomerService" classname="testPages.TestCustomerService" time="2.631"/>
</testsuite>