<?xml version="1.0" encoding="UTF-8"?>
<testsuite xmlns:xsi="http://www.w3.org/2001/XMLSchema-instance" xsi:noNamespaceSchemaLocation="https://maven.apache.org/surefire/maven-surefire-plugin/xsd/surefire-test-report.xsd" name="TestSuite" time="91.468" tests="21" errors="0" skipped="0" failures="5">
  <properties>
[...]
</properties>
  <testcase name="deletePost" classname="JSONServer.PostsResource" time="0.817">
    <failure message="Connection refused (Connection refused)" type="java.net.ConnectException">java.net.ConnectException: Connection refused (Connection refused)
	at JSONServer.PostsResource.deletePost(PostsResource.java:30)
</failure>
    <system-out><![CDATA[Extent Report Directory/Users/alifnabila/IdeaProjects/CostcoWebAuto/RESTApi/target/surefire-reports/html
delete Post
PostsResource: delete Post
]]></system-out>
    <system-err><![CDATA[Oct 05, 2018 12:01:43 AM com.relevantcodes.extentreports.ExtentReports loadConfig
WARNING: Unable to perform report configuration. The file /Users/alifnabila/IdeaProjects/CostcoWebAuto/RESTApi/Extent-Report/report-config.xml was not found.
Starting ChromeDriver 2.42.591059 (a3d9684d10d61aa0c45f6723b327283be1ebaad8) on port 13750
Only local connections are allowed.
Oct 05, 2018 12:01:45 AM org.openqa.selenium.remote.ProtocolHandshake createSession
INFO: Detected dialect: OSS
]]></system-err>
  </testcase>
  <testcase name="postTest" classname="JSONServer.PostsResource" time="0.052">
    <failure message="Connection refused (Connection refused)" type="java.net.ConnectException">java.net.ConnectException: Connection refused (Connection refused)
	at JSONServer.PostsResource.postTest(PostsResource.java:22)
</failure>
    <system-out><![CDATA[post Test
PostsResource: post Test
]]></system-out>
    <system-err><![CDATA[Starting ChromeDriver 2.42.591059 (a3d9684d10d61aa0c45f6723b327283be1ebaad8) on port 16889
Only local connections are allowed.
Oct 05, 2018 12:01:54 AM org.openqa.selenium.remote.ProtocolHandshake createSession
INFO: Detected dialect: OSS
]]></system-err>
  </testcase>
  <testcase name="putNullPost" classname="JSONServer.PostsResource" time="0.022">
    <failure message="Connection refused (Connection refused)" type="java.net.ConnectException">java.net.ConnectException: Connection refused (Connection refused)
	at JSONServer.PostsResource.putNullPost(PostsResource.java:58)
</failure>
    <system-out><![CDATA[put Null Post
PostsResource: put Null Post
]]></system-out>
    <system-err><![CDATA[Starting ChromeDriver 2.42.591059 (a3d9684d10d61aa0c45f6723b327283be1ebaad8) on port 35156
Only local connections are allowed.
Oct 05, 2018 12:01:57 AM org.openqa.selenium.remote.ProtocolHandshake createSession
INFO: Detected dialect: OSS
]]></system-err>
  </testcase>
  <testcase name="putPost" classname="JSONServer.PostsResource" time="0.015">
    <failure message="Connection refused (Connection refused)" type="java.net.ConnectException">java.net.ConnectException: Connection refused (Connection refused)
	at JSONServer.PostsResource.putPost(PostsResource.java:44)
</failure>
    <system-out><![CDATA[put Post
PostsResource: put Post
]]></system-out>
    <system-err><![CDATA[Starting ChromeDriver 2.42.591059 (a3d9684d10d61aa0c45f6723b327283be1ebaad8) on port 18046
Only local connections are allowed.
Oct 05, 2018 12:02:00 AM org.openqa.selenium.remote.ProtocolHandshake createSession
INFO: Detected dialect: OSS
]]></system-err>
  </testcase>
  <testcase name="postTestinOpenLibrary" classname="openLibrary.OpenLibraryRESTfulAPI" time="1.007"/>
  <testcase name="testDeatDate" classname="openLibrary.OpenLibraryRESTfulAPI" time="0.718"/>
  <testcase name="testGet" classname="openLibrary.OpenLibraryRESTfulAPI" time="0.265"/>
  <testcase name="testName" classname="openLibrary.OpenLibraryRESTfulAPI" time="0.257"/>
  <testcase name="testResponseTimeInLogIn" classname="openLibrary.OpenLibraryRESTfulAPI" time="0.775"/>
  <testcase name="testRevision" classname="openLibrary.OpenLibraryRESTfulAPI" time="0.257"/>
  <testcase name="testgetListName" classname="openLibrary.OpenLibraryRESTfulAPI" time="0.265"/>
  <testcase name="testResponseCity" classname="OpenweatherMap.GetRequestTest" time="0.762"/>
  <testcase name="testResponseCod" classname="OpenweatherMap.GetRequestTest" time="0.647"/>
  <testcase name="testResponseCode" classname="OpenweatherMap.GetRequestTest" time="0.591"/>
  <testcase name="testResponseID" classname="OpenweatherMap.GetRequestTest" time="0.593"/>
  <testcase name="testResponseSysID" classname="OpenweatherMap.GetRequestTest" time="0.673">
    <failure type="java.lang.NullPointerException">java.lang.NullPointerException
	at OpenweatherMap.GetRequestTest.testResponseSysID(GetRequestTest.java:50)
</failure>
    <system-out><![CDATA[test Response Sys ID
GetRequestTest: test Response Sys ID
]]></system-out>
    <system-err><![CDATA[Starting ChromeDriver 2.42.591059 (a3d9684d10d61aa0c45f6723b327283be1ebaad8) on port 40876
Only local connections are allowed.
Oct 05, 2018 12:02:59 AM org.openqa.selenium.remote.ProtocolHandshake createSession
INFO: Detected dialect: OSS
]]></system-err>
  </testcase>
  <testcase name="testResponseTime" classname="OpenweatherMap.GetRequestTest" time="0.621"/>
  <testcase name="badCallAllEmployeeResources" classname="rest.AllEmployeeRestServices" time="0.292"/>
  <testcase name="callAllEmployeeResources" classname="rest.AllEmployeeRestServices" time="1.957"/>
  <testcase name="serverErrorCallAllEmployeeResources" classname="rest.AllEmployeeRestServices" time="1.965"/>
  <testcase name="callSingleEmployeeResources" classname="rest.SingleEmployeeRestServices" time="1.936"/>
</testsuite>